<?xml version="1.0" encoding="UTF-8" ?>
<testsuite tests="2" failures="0" name="org.tecnologico.HelloWorldIT" time="0.984" errors="2" skipped="0">
  <properties>
[...]
</properties>
  <testcase classname="org.tecnologico.HelloWorldIT" name="testJsonRoundtrip" time="0.633">
    <error message="java.lang.NumberFormatException: For input string: &quot;${test.server.port}&quot;" type="java.lang.RuntimeException">java.lang.RuntimeException: java.lang.NumberFormatException: For input string: &quot;${test.server.port}&quot;
	at org.apache.cxf.jaxrs.client.JAXRSClientFactoryBean.createWebClient(JAXRSClientFactoryBean.java:232)
	at org.apache.cxf.jaxrs.client.WebClient.create(WebClient.java:177)
	at org.apache.cxf.jaxrs.client.WebClient.create(WebClient.java:136)
	at org.tecnologico.HelloWorldIT.testJsonRoundtrip(HelloWorldIT.java:41)
	at sun.reflect.NativeMethodAccessorImpl.invoke0(Native Method)
	at sun.reflect.NativeMethodAccessorImpl.invoke(NativeMethodAccessorImpl.java:62)
	at sun.reflect.DelegatingMethodAccessorImpl.invoke(DelegatingMethodAccessorImpl.java:43)
	at java.lang.reflect.Method.invoke(Method.java:498)
	at org.junit.runners.model.FrameworkMethod$1.runReflectiveCall(FrameworkMethod.java:50)
	at org.junit.internal.runners.model.ReflectiveCallable.run(ReflectiveCallable.java:12)
	at org.junit.runners.model.FrameworkMethod.invokeExplosively(FrameworkMethod.java:47)
	at org.junit.internal.runners.statements.InvokeMethod.evaluate(InvokeMethod.java:17)
	at org.junit.runners.ParentRunner.runLeaf(ParentRunner.java:325)
	at org.junit.runners.BlockJUnit4ClassRunner.runChild(BlockJUnit4ClassRunner.java:78)
	at org.junit.runners.BlockJUnit4ClassRunner.runChild(BlockJUnit4ClassRunner.java:57)
	at org.junit.runners.ParentRunner$3.run(ParentRunner.java:290)
	at org.junit.runners.ParentRunner$1.schedule(ParentRunner.java:71)
	at org.junit.runners.ParentRunner.runChildren(ParentRunner.java:288)
	at org.junit.runners.ParentRunner.access$000(ParentRunner.java:58)
	at org.junit.runners.ParentRunner$2.evaluate(ParentRunner.java:268)
	at org.junit.internal.runners.statements.RunBefores.evaluate(RunBefores.java:26)
	at org.junit.runners.ParentRunner.run(ParentRunner.java:363)
	at org.apache.maven.surefire.junit4.JUnit4TestSet.execute(JUnit4TestSet.java:53)
	at org.apache.maven.surefire.junit4.JUnit4Provider.executeTestSet(JUnit4Provider.java:119)
	at org.apache.maven.surefire.junit4.JUnit4Provider.invoke(JUnit4Provider.java:101)
	at sun.reflect.NativeMethodAccessorImpl.invoke0(Native Method)
	at sun.reflect.NativeMethodAccessorImpl.invoke(NativeMethodAccessorImpl.java:62)
	at sun.reflect.DelegatingMethodAccessorImpl.invoke(DelegatingMethodAccessorImpl.java:43)
	at java.lang.reflect.Method.invoke(Method.java:498)
	at org.apache.maven.surefire.booter.ProviderFactory$ClassLoaderProxy.invoke(ProviderFactory.java:103)
	at com.sun.proxy.$Proxy0.invoke(Unknown Source)
	at org.apache.maven.surefire.booter.SurefireStarter.invokeProvider(SurefireStarter.java:150)
	at org.apache.maven.surefire.booter.SurefireStarter.runSuitesInProcess(SurefireStarter.java:91)
	at org.apache.maven.surefire.booter.ForkedBooter.main(ForkedBooter.java:69)
Caused by: java.lang.NumberFormatException: For input string: &quot;${test.server.port}&quot;
	at java.lang.NumberFormatException.forInputString(NumberFormatException.java:65)
	at java.lang.Integer.parseInt(Integer.java:569)
	at java.lang.Integer.parseInt(Integer.java:615)
	at org.apache.cxf.jaxrs.impl.UriBuilderImpl.uriAsTemplate(UriBuilderImpl.java:918)
	at org.apache.cxf.jaxrs.client.WebClient.convertStringToURI(WebClient.java:1234)
	at org.apache.cxf.jaxrs.client.WebClient.&lt;init&gt;(WebClient.java:89)
	at org.apache.cxf.jaxrs.client.JAXRSClientFactoryBean.createWebClient(JAXRSClientFactoryBean.java:222)
	... 33 more
</error>
  </testcase>
  <testcase classname="org.tecnologico.HelloWorldIT" name="testPing" time="0.003">
    <error message="java.lang.NumberFormatException: For input string: &quot;${test.server.port}&quot;" type="java.lang.RuntimeException">java.lang.RuntimeException: java.lang.NumberFormatException: For input string: &quot;${test.server.port}&quot;
	at org.apache.cxf.jaxrs.client.JAXRSClientFactoryBean.createWebClient(JAXRSClientFactoryBean.java:232)
	at org.apache.cxf.jaxrs.client.WebClient.create(WebClient.java:111)
	at org.tecnologico.HelloWorldIT.testPing(HelloWorldIT.java:28)
	at sun.reflect.NativeMethodAccessorImpl.invoke0(Native Method)
	at sun.reflect.NativeMethodAccessorImpl.invoke(NativeMethodAccessorImpl.java:62)
	at sun.reflect.DelegatingMethodAccessorImpl.invoke(DelegatingMethodAccessorImpl.java:43)
	at java.lang.reflect.Method.invoke(Method.java:498)
	at org.junit.runners.model.FrameworkMethod$1.runReflectiveCall(FrameworkMethod.java:50)
	at org.junit.internal.runners.model.ReflectiveCallable.run(ReflectiveCallable.java:12)
	at org.junit.runners.model.FrameworkMethod.invokeExplosively(FrameworkMethod.java:47)
	at org.junit.internal.runners.statements.InvokeMethod.evaluate(InvokeMethod.java:17)
	at org.junit.runners.ParentRunner.runLeaf(ParentRunner.java:325)
	at org.junit.runners.BlockJUnit4ClassRunner.runChild(BlockJUnit4ClassRunner.java:78)
	at org.junit.runners.BlockJUnit4ClassRunner.runChild(BlockJUnit4ClassRunner.java:57)
	at org.junit.runners.ParentRunner$3.run(ParentRunner.java:290)
	at org.junit.runners.ParentRunner$1.schedule(ParentRunner.java:71)
	at org.junit.runners.ParentRunner.runChildren(ParentRunner.java:288)
	at org.junit.runners.ParentRunner.access$000(ParentRunner.java:58)
	at org.junit.runners.ParentRunner$2.evaluate(ParentRunner.java:268)
	at org.junit.internal.runners.statements.RunBefores.evaluate(RunBefores.java:26)
	at org.junit.runners.ParentRunner.run(ParentRunner.java:363)
	at org.apache.maven.surefire.junit4.JUnit4TestSet.execute(JUnit4TestSet.java:53)
	at org.apache.maven.surefire.junit4.JUnit4Provider.executeTestSet(JUnit4Provider.java:119)
	at org.apache.maven.surefire.junit4.JUnit4Provider.invoke(JUnit4Provider.java:101)
	at sun.reflect.NativeMethodAccessorImpl.invoke0(Native Method)
	at sun.reflect.NativeMethodAccessorImpl.invoke(NativeMethodAccessorImpl.java:62)
	at sun.reflect.DelegatingMethodAccessorImpl.invoke(DelegatingMethodAccessorImpl.java:43)
	at java.lang.reflect.Method.invoke(Method.java:498)
	at org.apache.maven.surefire.booter.ProviderFactory$ClassLoaderProxy.invoke(ProviderFactory.java:103)
	at com.sun.proxy.$Proxy0.invoke(Unknown Source)
	at org.apache.maven.surefire.booter.SurefireStarter.invokeProvider(SurefireStarter.java:150)
	at org.apache.maven.surefire.booter.SurefireStarter.runSuitesInProcess(SurefireStarter.java:91)
	at org.apache.maven.surefire.booter.ForkedBooter.main(ForkedBooter.java:69)
Caused by: java.lang.NumberFormatException: For input string: &quot;${test.server.port}&quot;
	at java.lang.NumberFormatException.forInputString(NumberFormatException.java:65)
	at java.lang.Integer.parseInt(Integer.java:569)
	at java.lang.Integer.parseInt(Integer.java:615)
	at org.apache.cxf.jaxrs.impl.UriBuilderImpl.uriAsTemplate(UriBuilderImpl.java:918)
	at org.apache.cxf.jaxrs.client.WebClient.convertStringToURI(WebClient.java:1234)
	at org.apache.cxf.jaxrs.client.WebClient.&lt;init&gt;(WebClient.java:89)
	at org.apache.cxf.jaxrs.client.JAXRSClientFactoryBean.createWebClient(JAXRSClientFactoryBean.java:222)
	... 32 more
</error>
  </testcase>
</testsuite>